
*** Running vivado
    with args -log top_min_spoc.vds -m64 -product Vivado -mode batch -messageDb vivado.pb -notrace -source top_min_spoc.tcl


****** Vivado v2018.3 (64-bit)
  **** SW Build 2405991 on Thu Dec  6 23:38:27 MST 2018
  **** IP Build 2404404 on Fri Dec  7 01:43:56 MST 2018
    ** Copyright 1986-2018 Xilinx, Inc. All Rights Reserved.

source top_min_spoc.tcl -notrace
Command: synth_design -top top_min_spoc -part xc7a100tfgg676-2L
Starting synth_design
Attempting to get a license for feature 'Synthesis' and/or device 'xc7a100t'
INFO: [Common 17-349] Got license for feature 'Synthesis' and/or device 'xc7a100t'
INFO: Launching helper process for spawning children vivado processes
INFO: Helper process launched with PID 2956 
WARNING: [Synth 8-2611] redeclaration of ansi port hi_o is not allowed [C:/Users/andy/Desktop/cod19grp23-master/thinpad_top.srcs/sources_1/new/cpu/ex.v:35]
ERROR: [Synth 8-2531] port hi_o is already defined [C:/Users/andy/Desktop/cod19grp23-master/thinpad_top.srcs/sources_1/new/cpu/ex.v:35]
WARNING: [Synth 8-976] hi_o has already been declared [C:/Users/andy/Desktop/cod19grp23-master/thinpad_top.srcs/sources_1/new/cpu/ex.v:35]
WARNING: [Synth 8-2654] second declaration of hi_o ignored [C:/Users/andy/Desktop/cod19grp23-master/thinpad_top.srcs/sources_1/new/cpu/ex.v:35]
INFO: [Synth 8-994] hi_o is declared here [C:/Users/andy/Desktop/cod19grp23-master/thinpad_top.srcs/sources_1/new/cpu/ex.v:24]
WARNING: [Synth 8-2611] redeclaration of ansi port lo_o is not allowed [C:/Users/andy/Desktop/cod19grp23-master/thinpad_top.srcs/sources_1/new/cpu/ex.v:36]
ERROR: [Synth 8-2531] port lo_o is already defined [C:/Users/andy/Desktop/cod19grp23-master/thinpad_top.srcs/sources_1/new/cpu/ex.v:36]
WARNING: [Synth 8-976] lo_o has already been declared [C:/Users/andy/Desktop/cod19grp23-master/thinpad_top.srcs/sources_1/new/cpu/ex.v:36]
WARNING: [Synth 8-2654] second declaration of lo_o ignored [C:/Users/andy/Desktop/cod19grp23-master/thinpad_top.srcs/sources_1/new/cpu/ex.v:36]
INFO: [Synth 8-994] lo_o is declared here [C:/Users/andy/Desktop/cod19grp23-master/thinpad_top.srcs/sources_1/new/cpu/ex.v:25]
WARNING: [Synth 8-2611] redeclaration of ansi port whilo_o is not allowed [C:/Users/andy/Desktop/cod19grp23-master/thinpad_top.srcs/sources_1/new/cpu/ex.v:37]
ERROR: [Synth 8-2531] port whilo_o is already defined [C:/Users/andy/Desktop/cod19grp23-master/thinpad_top.srcs/sources_1/new/cpu/ex.v:37]
WARNING: [Synth 8-976] whilo_o has already been declared [C:/Users/andy/Desktop/cod19grp23-master/thinpad_top.srcs/sources_1/new/cpu/ex.v:37]
WARNING: [Synth 8-2654] second declaration of whilo_o ignored [C:/Users/andy/Desktop/cod19grp23-master/thinpad_top.srcs/sources_1/new/cpu/ex.v:37]
INFO: [Synth 8-994] whilo_o is declared here [C:/Users/andy/Desktop/cod19grp23-master/thinpad_top.srcs/sources_1/new/cpu/ex.v:26]
INFO: [Synth 8-2350] module ex ignored due to previous errors [C:/Users/andy/Desktop/cod19grp23-master/thinpad_top.srcs/sources_1/new/cpu/ex.v:3]
Failed to read verilog 'C:/Users/andy/Desktop/cod19grp23-master/thinpad_top.srcs/sources_1/new/cpu/ex.v'
INFO: [Common 17-83] Releasing license: Synthesis
6 Infos, 9 Warnings, 0 Critical Warnings and 4 Errors encountered.
synth_design failed
ERROR: [Common 17-69] Command failed: Synthesis failed - please see the console or run log file for details
INFO: [Common 17-206] Exiting Vivado at Sun Nov 24 12:58:58 2019...
